# JRE version: OpenJDK Runtime Environment (8.0_202-b03) (build 1.8.0_202-release-1483-b03)
# Java VM: OpenJDK 64-Bit Server VM (25.202-b03 mixed mode windows-amd64 compressed oops)
Heap:
 PSYoungGen      total 227840K, used 158372K [0x00000000e0000000, 0x00000000ef400000, 0x0000000100000000)
  eden space 217600K, 72% used [0x00000000e0000000,0x00000000e9aa90c8,0x00000000ed480000)
  from space 10240K, 0% used [0x00000000eea00000,0x00000000eea00000,0x00000000ef400000)
  to   space 15872K, 0% used [0x00000000ed500000,0x00000000ed500000,0x00000000ee480000)
 ParOldGen       total 86016K, used 16850K [0x00000000a0000000, 0x00000000a5400000, 0x00000000e0000000)
  object space 86016K, 19% used [0x00000000a0000000,0x00000000a1074a50,0x00000000a5400000)
 Metaspace       used 45649K, capacity 46624K, committed 46936K, reserved 1089536K
  class space    used 6154K, capacity 6421K, committed 6528K, reserved 1048576K
GC Heap History (10 events):
Event: 20.069 GC heap before
{Heap before GC invocations=4 (full 0):
 PSYoungGen      total 71680K, used 57174K [0x00000000e0000000, 0x00000000e8c00000, 0x0000000100000000)
  eden space 66560K, 78% used [0x00000000e0000000,0x00000000e32dd8c8,0x00000000e4100000)
  from space 5120K, 99% used [0x00000000e4100000,0x00000000e45f8020,0x00000000e4600000)
  to   space 5120K, 0% used [0x00000000e8700000,0x00000000e8700000,0x00000000e8c00000)
 ParOldGen       total 87552K, used 4899K [0x00000000a0000000, 0x00000000a5580000, 0x00000000e0000000)
  object space 87552K, 5% used [0x00000000a0000000,0x00000000a04c8eb8,0x00000000a5580000)
 Metaspace       used 20734K, capacity 21104K, committed 21248K, reserved 1067008K
  class space    used 2924K, capacity 3062K, committed 3072K, reserved 1048576K
Event: 20.094 GC heap after
Heap after GC invocations=4 (full 0):
 PSYoungGen      total 138240K, used 5103K [0x00000000e0000000, 0x00000000e8c00000, 0x0000000100000000)
  eden space 133120K, 0% used [0x00000000e0000000,0x00000000e0000000,0x00000000e8200000)
  from space 5120K, 99% used [0x00000000e8700000,0x00000000e8bfbd98,0x00000000e8c00000)
  to   space 5120K, 0% used [0x00000000e8200000,0x00000000e8200000,0x00000000e8700000)
 ParOldGen       total 87552K, used 11118K [0x00000000a0000000, 0x00000000a5580000, 0x00000000e0000000)
  object space 87552K, 12% used [0x00000000a0000000,0x00000000a0adb8c8,0x00000000a5580000)
 Metaspace       used 20734K, capacity 21104K, committed 21248K, reserved 1067008K
  class space    used 2924K, capacity 3062K, committed 3072K, reserved 1048576K
}
Event: 20.094 GC heap before
{Heap before GC invocations=5 (full 1):
 PSYoungGen      total 138240K, used 5103K [0x00000000e0000000, 0x00000000e8c00000, 0x0000000100000000)
  eden space 133120K, 0% used [0x00000000e0000000,0x00000000e0000000,0x00000000e8200000)
  from space 5120K, 99% used [0x00000000e8700000,0x00000000e8bfbd98,0x00000000e8c00000)
  to   space 5120K, 0% used [0x00000000e8200000,0x00000000e8200000,0x00000000e8700000)
 ParOldGen       total 87552K, used 11118K [0x00000000a0000000, 0x00000000a5580000, 0x00000000e0000000)
  object space 87552K, 12% used [0x00000000a0000000,0x00000000a0adb8c8,0x00000000a5580000)
 Metaspace       used 20734K, capacity 21104K, committed 21248K, reserved 1067008K
  class space    used 2924K, capacity 3062K, committed 3072K, reserved 1048576K
Event: 20.177 GC heap after
Heap after GC invocations=5 (full 1):
 PSYoungGen      total 138240K, used 0K [0x00000000e0000000, 0x00000000e8c00000, 0x0000000100000000)
  eden space 133120K, 0% used [0x00000000e0000000,0x00000000e0000000,0x00000000e8200000)
  from space 5120K, 0% used [0x00000000e8700000,0x00000000e8700000,0x00000000e8c00000)
  to   space 5120K, 0% used [0x00000000e8200000,0x00000000e8200000,0x00000000e8700000)
 ParOldGen       total 61440K, used 11012K [0x00000000a0000000, 0x00000000a3c00000, 0x00000000e0000000)
  object space 61440K, 17% used [0x00000000a0000000,0x00000000a0ac13f8,0x00000000a3c00000)
 Metaspace       used 20734K, capacity 21104K, committed 21248K, reserved 1067008K
  class space    used 2924K, capacity 3062K, committed 3072K, reserved 1048576K
}
Event: 34.031 GC heap before
{Heap before GC invocations=6 (full 1):
 PSYoungGen      total 138240K, used 133120K [0x00000000e0000000, 0x00000000e8c00000, 0x0000000100000000)
  eden space 133120K, 100% used [0x00000000e0000000,0x00000000e8200000,0x00000000e8200000)
  from space 5120K, 0% used [0x00000000e8700000,0x00000000e8700000,0x00000000e8c00000)
  to   space 5120K, 0% used [0x00000000e8200000,0x00000000e8200000,0x00000000e8700000)
 ParOldGen       total 61440K, used 11012K [0x00000000a0000000, 0x00000000a3c00000, 0x00000000e0000000)
  object space 61440K, 17% used [0x00000000a0000000,0x00000000a0ac13f8,0x00000000a3c00000)
 Metaspace       used 31903K, capacity 32424K, committed 32768K, reserved 1077248K
  class space    used 4391K, capacity 4563K, committed 4608K, reserved 1048576K
Event: 34.061 GC heap after
Heap after GC invocations=6 (full 1):
 PSYoungGen      total 138240K, used 5120K [0x00000000e0000000, 0x00000000ef980000, 0x0000000100000000)
  eden space 133120K, 0% used [0x00000000e0000000,0x00000000e0000000,0x00000000e8200000)
  from space 5120K, 100% used [0x00000000e8200000,0x00000000e8700000,0x00000000e8700000)
  to   space 15872K, 0% used [0x00000000eea00000,0x00000000eea00000,0x00000000ef980000)
 ParOldGen       total 61440K, used 18684K [0x00000000a0000000, 0x00000000a3c00000, 0x00000000e0000000)
  object space 61440K, 30% used [0x00000000a0000000,0x00000000a123f050,0x00000000a3c00000)
 Metaspace       used 31903K, capacity 32424K, committed 32768K, reserved 1077248K
  class space    used 4391K, capacity 4563K, committed 4608K, reserved 1048576K
}
Event: 45.581 GC heap before
{Heap before GC invocations=7 (full 1):
 PSYoungGen      total 138240K, used 58328K [0x00000000e0000000, 0x00000000ef980000, 0x0000000100000000)
  eden space 133120K, 39% used [0x00000000e0000000,0x00000000e33f63d0,0x00000000e8200000)
  from space 5120K, 100% used [0x00000000e8200000,0x00000000e8700000,0x00000000e8700000)
  to   space 15872K, 0% used [0x00000000eea00000,0x00000000eea00000,0x00000000ef980000)
 ParOldGen       total 61440K, used 18684K [0x00000000a0000000, 0x00000000a3c00000, 0x00000000e0000000)
  object space 61440K, 30% used [0x00000000a0000000,0x00000000a123f050,0x00000000a3c00000)
 Metaspace       used 34619K, capacity 35222K, committed 35416K, reserved 1079296K
  class space    used 4754K, capacity 4942K, committed 4992K, reserved 1048576K
Event: 45.605 GC heap after
Heap after GC invocations=7 (full 1):
 PSYoungGen      total 227840K, used 10163K [0x00000000e0000000, 0x00000000ef400000, 0x0000000100000000)
  eden space 217600K, 0% used [0x00000000e0000000,0x00000000e0000000,0x00000000ed480000)
  from space 10240K, 99% used [0x00000000eea00000,0x00000000ef3ecc98,0x00000000ef400000)
  to   space 15872K, 0% used [0x00000000ed500000,0x00000000ed500000,0x00000000ee480000)
 ParOldGen       total 61440K, used 18692K [0x00000000a0000000, 0x00000000a3c00000, 0x00000000e0000000)
  object space 61440K, 30% used [0x00000000a0000000,0x00000000a1241050,0x00000000a3c00000)
 Metaspace       used 34619K, capacity 35222K, committed 35416K, reserved 1079296K
  class space    used 4754K, capacity 4942K, committed 4992K, reserved 1048576K
}
Event: 45.605 GC heap before
{Heap before GC invocations=8 (full 2):
 PSYoungGen      total 227840K, used 10163K [0x00000000e0000000, 0x00000000ef400000, 0x0000000100000000)
  eden space 217600K, 0% used [0x00000000e0000000,0x00000000e0000000,0x00000000ed480000)
  from space 10240K, 99% used [0x00000000eea00000,0x00000000ef3ecc98,0x00000000ef400000)
  to   space 15872K, 0% used [0x00000000ed500000,0x00000000ed500000,0x00000000ee480000)
 ParOldGen       total 61440K, used 18692K [0x00000000a0000000, 0x00000000a3c00000, 0x00000000e0000000)
  object space 61440K, 30% used [0x00000000a0000000,0x00000000a1241050,0x00000000a3c00000)
 Metaspace       used 34619K, capacity 35222K, committed 35416K, reserved 1079296K
  class space    used 4754K, capacity 4942K, committed 4992K, reserved 1048576K
Event: 45.716 GC heap after
Heap after GC invocations=8 (full 2):
 PSYoungGen      total 227840K, used 0K [0x00000000e0000000, 0x00000000ef400000, 0x0000000100000000)
  eden space 217600K, 0% used [0x00000000e0000000,0x00000000e0000000,0x00000000ed480000)
  from space 10240K, 0% used [0x00000000eea00000,0x00000000eea00000,0x00000000ef400000)
  to   space 15872K, 0% used [0x00000000ed500000,0x00000000ed500000,0x00000000ee480000)
 ParOldGen       total 86016K, used 16850K [0x00000000a0000000, 0x00000000a5400000, 0x00000000e0000000)
  object space 86016K, 19% used [0x00000000a0000000,0x00000000a1074a50,0x00000000a5400000)
 Metaspace       used 34603K, capacity 35168K, committed 35416K, reserved 1079296K
  class space    used 4749K, capacity 4933K, committed 4992K, reserved 1048576K
}

