# JRE version: OpenJDK Runtime Environment (8.0_202-b03) (build 1.8.0_202-release-1483-b03)
# Java VM: OpenJDK 64-Bit Server VM (25.202-b03 mixed mode windows-amd64 compressed oops)
Heap:
 PSYoungGen      total 113152K, used 82651K [0x00000000e0000000, 0x00000000e9580000, 0x0000000100000000)
  eden space 105472K, 78% used [0x00000000e0000000,0x00000000e50b6f38,0x00000000e6700000)
  from space 7680K, 0% used [0x00000000e8e00000,0x00000000e8e00000,0x00000000e9580000)
  to   space 11776K, 0% used [0x00000000e7e80000,0x00000000e7e80000,0x00000000e8a00000)
 ParOldGen       total 64000K, used 15546K [0x00000000a0000000, 0x00000000a3e80000, 0x00000000e0000000)
  object space 64000K, 24% used [0x00000000a0000000,0x00000000a0f2eb68,0x00000000a3e80000)
 Metaspace       used 43052K, capacity 44284K, committed 44544K, reserved 1087488K
  class space    used 5824K, capacity 6085K, committed 6144K, reserved 1048576K
GC Heap History (10 events):
Event: 8.226 GC heap before
{Heap before GC invocations=6 (full 1):
 PSYoungGen      total 71680K, used 5096K [0x00000000e0000000, 0x00000000e9a00000, 0x0000000100000000)
  eden space 66560K, 0% used [0x00000000e0000000,0x00000000e0000000,0x00000000e4100000)
  from space 5120K, 99% used [0x00000000e4100000,0x00000000e45fa0e8,0x00000000e4600000)
  to   space 12288K, 0% used [0x00000000e8e00000,0x00000000e8e00000,0x00000000e9a00000)
 ParOldGen       total 87552K, used 10946K [0x00000000a0000000, 0x00000000a5580000, 0x00000000e0000000)
  object space 87552K, 12% used [0x00000000a0000000,0x00000000a0ab0858,0x00000000a5580000)
 Metaspace       used 20705K, capacity 21160K, committed 21296K, reserved 1067008K
  class space    used 2960K, capacity 3125K, committed 3200K, reserved 1048576K
Event: 8.305 GC heap after
Heap after GC invocations=6 (full 1):
 PSYoungGen      total 71680K, used 0K [0x00000000e0000000, 0x00000000e9a00000, 0x0000000100000000)
  eden space 66560K, 0% used [0x00000000e0000000,0x00000000e0000000,0x00000000e4100000)
  from space 5120K, 0% used [0x00000000e4100000,0x00000000e4100000,0x00000000e4600000)
  to   space 12288K, 0% used [0x00000000e8e00000,0x00000000e8e00000,0x00000000e9a00000)
 ParOldGen       total 64000K, used 11370K [0x00000000a0000000, 0x00000000a3e80000, 0x00000000e0000000)
  object space 64000K, 17% used [0x00000000a0000000,0x00000000a0b1aa90,0x00000000a3e80000)
 Metaspace       used 20705K, capacity 21160K, committed 21296K, reserved 1067008K
  class space    used 2960K, capacity 3125K, committed 3200K, reserved 1048576K
}
Event: 9.503 GC heap before
{Heap before GC invocations=7 (full 1):
 PSYoungGen      total 71680K, used 66560K [0x00000000e0000000, 0x00000000e9a00000, 0x0000000100000000)
  eden space 66560K, 100% used [0x00000000e0000000,0x00000000e4100000,0x00000000e4100000)
  from space 5120K, 0% used [0x00000000e4100000,0x00000000e4100000,0x00000000e4600000)
  to   space 12288K, 0% used [0x00000000e8e00000,0x00000000e8e00000,0x00000000e9a00000)
 ParOldGen       total 64000K, used 11370K [0x00000000a0000000, 0x00000000a3e80000, 0x00000000e0000000)
  object space 64000K, 17% used [0x00000000a0000000,0x00000000a0b1aa90,0x00000000a3e80000)
 Metaspace       used 28414K, capacity 28944K, committed 29184K, reserved 1075200K
  class space    used 3904K, capacity 4095K, committed 4096K, reserved 1048576K
Event: 9.512 GC heap after
Heap after GC invocations=7 (full 1):
 PSYoungGen      total 113152K, used 7605K [0x00000000e0000000, 0x00000000e9580000, 0x0000000100000000)
  eden space 105472K, 0% used [0x00000000e0000000,0x00000000e0000000,0x00000000e6700000)
  from space 7680K, 99% used [0x00000000e8e00000,0x00000000e956d4e0,0x00000000e9580000)
  to   space 11776K, 0% used [0x00000000e7e80000,0x00000000e7e80000,0x00000000e8a00000)
 ParOldGen       total 64000K, used 11378K [0x00000000a0000000, 0x00000000a3e80000, 0x00000000e0000000)
  object space 64000K, 17% used [0x00000000a0000000,0x00000000a0b1ca90,0x00000000a3e80000)
 Metaspace       used 28414K, capacity 28944K, committed 29184K, reserved 1075200K
  class space    used 3904K, capacity 4095K, committed 4096K, reserved 1048576K
}
Event: 12.792 GC heap before
{Heap before GC invocations=8 (full 1):
 PSYoungGen      total 113152K, used 113077K [0x00000000e0000000, 0x00000000e9580000, 0x0000000100000000)
  eden space 105472K, 100% used [0x00000000e0000000,0x00000000e6700000,0x00000000e6700000)
  from space 7680K, 99% used [0x00000000e8e00000,0x00000000e956d4e0,0x00000000e9580000)
  to   space 11776K, 0% used [0x00000000e7e80000,0x00000000e7e80000,0x00000000e8a00000)
 ParOldGen       total 64000K, used 11378K [0x00000000a0000000, 0x00000000a3e80000, 0x00000000e0000000)
  object space 64000K, 17% used [0x00000000a0000000,0x00000000a0b1ca90,0x00000000a3e80000)
 Metaspace       used 34421K, capacity 35322K, committed 35456K, reserved 1079296K
  class space    used 4748K, capacity 4955K, committed 4992K, reserved 1048576K
Event: 12.824 GC heap after
Heap after GC invocations=8 (full 1):
 PSYoungGen      total 117248K, used 11747K [0x00000000e0000000, 0x00000000e9580000, 0x0000000100000000)
  eden space 105472K, 0% used [0x00000000e0000000,0x00000000e0000000,0x00000000e6700000)
  from space 11776K, 99% used [0x00000000e7e80000,0x00000000e89f8e28,0x00000000e8a00000)
  to   space 7680K, 0% used [0x00000000e8e00000,0x00000000e8e00000,0x00000000e9580000)
 ParOldGen       total 64000K, used 12421K [0x00000000a0000000, 0x00000000a3e80000, 0x00000000e0000000)
  object space 64000K, 19% used [0x00000000a0000000,0x00000000a0c21680,0x00000000a3e80000)
 Metaspace       used 34421K, capacity 35322K, committed 35456K, reserved 1079296K
  class space    used 4748K, capacity 4955K, committed 4992K, reserved 1048576K
}
Event: 12.952 GC heap before
{Heap before GC invocations=9 (full 1):
 PSYoungGen      total 117248K, used 15783K [0x00000000e0000000, 0x00000000e9580000, 0x0000000100000000)
  eden space 105472K, 3% used [0x00000000e0000000,0x00000000e03f10f8,0x00000000e6700000)
  from space 11776K, 99% used [0x00000000e7e80000,0x00000000e89f8e28,0x00000000e8a00000)
  to   space 7680K, 0% used [0x00000000e8e00000,0x00000000e8e00000,0x00000000e9580000)
 ParOldGen       total 64000K, used 12421K [0x00000000a0000000, 0x00000000a3e80000, 0x00000000e0000000)
  object space 64000K, 19% used [0x00000000a0000000,0x00000000a0c21680,0x00000000a3e80000)
 Metaspace       used 34546K, capacity 35394K, committed 35456K, reserved 1079296K
  class space    used 4754K, capacity 4955K, committed 4992K, reserved 1048576K
Event: 12.966 GC heap after
Heap after GC invocations=9 (full 1):
 PSYoungGen      total 113152K, used 7680K [0x00000000e0000000, 0x00000000e9580000, 0x0000000100000000)
  eden space 105472K, 0% used [0x00000000e0000000,0x00000000e0000000,0x00000000e6700000)
  from space 7680K, 100% used [0x00000000e8e00000,0x00000000e9580000,0x00000000e9580000)
  to   space 11776K, 0% used [0x00000000e7e80000,0x00000000e7e80000,0x00000000e8a00000)
 ParOldGen       total 64000K, used 13051K [0x00000000a0000000, 0x00000000a3e80000, 0x00000000e0000000)
  object space 64000K, 20% used [0x00000000a0000000,0x00000000a0cbec90,0x00000000a3e80000)
 Metaspace       used 34546K, capacity 35394K, committed 35456K, reserved 1079296K
  class space    used 4754K, capacity 4955K, committed 4992K, reserved 1048576K
}
Event: 12.966 GC heap before
{Heap before GC invocations=10 (full 2):
 PSYoungGen      total 113152K, used 7680K [0x00000000e0000000, 0x00000000e9580000, 0x0000000100000000)
  eden space 105472K, 0% used [0x00000000e0000000,0x00000000e0000000,0x00000000e6700000)
  from space 7680K, 100% used [0x00000000e8e00000,0x00000000e9580000,0x00000000e9580000)
  to   space 11776K, 0% used [0x00000000e7e80000,0x00000000e7e80000,0x00000000e8a00000)
 ParOldGen       total 64000K, used 13051K [0x00000000a0000000, 0x00000000a3e80000, 0x00000000e0000000)
  object space 64000K, 20% used [0x00000000a0000000,0x00000000a0cbec90,0x00000000a3e80000)
 Metaspace       used 34546K, capacity 35394K, committed 35456K, reserved 1079296K
  class space    used 4754K, capacity 4955K, committed 4992K, reserved 1048576K
Event: 13.107 GC heap after
Heap after GC invocations=10 (full 2):
 PSYoungGen      total 113152K, used 0K [0x00000000e0000000, 0x00000000e9580000, 0x0000000100000000)
  eden space 105472K, 0% used [0x00000000e0000000,0x00000000e0000000,0x00000000e6700000)
  from space 7680K, 0% used [0x00000000e8e00000,0x00000000e8e00000,0x00000000e9580000)
  to   space 11776K, 0% used [0x00000000e7e80000,0x00000000e7e80000,0x00000000e8a00000)
 ParOldGen       total 64000K, used 15546K [0x00000000a0000000, 0x00000000a3e80000, 0x00000000e0000000)
  object space 64000K, 24% used [0x00000000a0000000,0x00000000a0f2eb68,0x00000000a3e80000)
 Metaspace       used 34546K, capacity 35394K, committed 35456K, reserved 1079296K
  class space    used 4754K, capacity 4955K, committed 4992K, reserved 1048576K
}

